<?xml version="1.0" encoding="UTF-8"?>
<testng-results ignored="0" total="22" passed="20" failed="2" skipped="0">
  <reporter-output>
  </reporter-output>
  <suite started-at="2024-04-22T18:00:12 CDT" name="Default suite" finished-at="2024-04-22T18:07:43 CDT" duration-ms="450727">
    <groups>
      <group name="cucumber">
        <method signature="AbstractTestNGCucumberTests.runScenario(io.cucumber.testng.PickleWrapper,io.cucumber.testng.FeatureWrapper)[pri:0, instance:DS.testrunner.Runner@4167d97b]" name="runScenario" class="io.cucumber.testng.AbstractTestNGCucumberTests"/>
      </group> <!-- cucumber -->
    </groups>
    <test started-at="2024-04-22T18:00:12 CDT" name="Default test" finished-at="2024-04-22T18:07:43 CDT" duration-ms="450727">
      <class name="DS.testrunner.Runner">
        <test-method is-config="true" signature="defineBrowser(java.lang.String)[pri:0, instance:DS.testrunner.Runner@4167d97b]" started-at="2024-04-22T18:00:12 CDT" name="defineBrowser" finished-at="2024-04-22T18:00:12 CDT" duration-ms="26" status="PASS">
          <params>
            <param index="0">
              <value>
                <![CDATA[chrome]]>
              </value>
            </param>
          </params>
          <reporter-output>
          </reporter-output>
        </test-method> <!-- defineBrowser -->
        <test-method is-config="true" signature="setUpClass(org.testng.ITestContext)[pri:0, instance:DS.testrunner.Runner@4167d97b]" started-at="2024-04-22T18:00:12 CDT" name="setUpClass" finished-at="2024-04-22T18:00:13 CDT" duration-ms="772" status="PASS">
          <params>
            <param index="0">
              <value>
                <![CDATA[org.testng.TestRunner@2fc2305a]]>
              </value>
            </param>
          </params>
          <reporter-output>
          </reporter-output>
        </test-method> <!-- setUpClass -->
        <test-method signature="runScenario(io.cucumber.testng.PickleWrapper,io.cucumber.testng.FeatureWrapper)[pri:0, instance:DS.testrunner.Runner@4167d97b]" started-at="2024-04-22T18:00:13 CDT" name="runScenario" description="Runs Cucumber Scenarios" data-provider="scenarios" finished-at="2024-04-22T18:00:45 CDT" duration-ms="32207" status="PASS">
          <params>
            <param index="0">
              <value>
                <![CDATA["Arrays Module"]]>
              </value>
            </param>
            <param index="1">
              <value>
                <![CDATA["Arrays"]]>
              </value>
            </param>
          </params>
          <reporter-output>
          </reporter-output>
        </test-method> <!-- runScenario -->
        <test-method signature="runScenario(io.cucumber.testng.PickleWrapper,io.cucumber.testng.FeatureWrapper)[pri:0, instance:DS.testrunner.Runner@4167d97b]" started-at="2024-04-22T18:00:45 CDT" name="runScenario" description="Runs Cucumber Scenarios" data-provider="scenarios" finished-at="2024-04-22T18:01:14 CDT" duration-ms="28746" status="PASS">
          <params>
            <param index="0">
              <value>
                <![CDATA["Arrays Module Invaliddata"]]>
              </value>
            </param>
            <param index="1">
              <value>
                <![CDATA["Arrays"]]>
              </value>
            </param>
          </params>
          <reporter-output>
          </reporter-output>
        </test-method> <!-- runScenario -->
        <test-method signature="runScenario(io.cucumber.testng.PickleWrapper,io.cucumber.testng.FeatureWrapper)[pri:0, instance:DS.testrunner.Runner@4167d97b]" started-at="2024-04-22T18:01:14 CDT" name="runScenario" description="Runs Cucumber Scenarios" data-provider="scenarios" finished-at="2024-04-22T18:01:28 CDT" duration-ms="13843" status="FAIL">
          <params>
            <param index="0">
              <value>
                <![CDATA["Practice uestions"]]>
              </value>
            </param>
            <param index="1">
              <value>
                <![CDATA["Arrays"]]>
              </value>
            </param>
          </params>
          <exception class="java.lang.IndexOutOfBoundsException">
            <message>
              <![CDATA[Index 0 out of bounds for length 0]]>
            </message>
            <full-stacktrace>
              <![CDATA[java.lang.IndexOutOfBoundsException: Index 0 out of bounds for length 0
at java.base/jdk.internal.util.Preconditions.outOfBounds(Preconditions.java:64)
at java.base/jdk.internal.util.Preconditions.outOfBoundsCheckIndex(Preconditions.java:70)
at java.base/jdk.internal.util.Preconditions.checkIndex(Preconditions.java:266)
at java.base/java.util.Objects.checkIndex(Objects.java:361)
at java.base/java.util.ArrayList.get(ArrayList.java:427)
at DS.pages.Arrayspage.practiceQuestionListValidData(Arrayspage.java:97)
at DS.stepdefination.Arrays_stepdefination.user_should_be_able_to_enter_the_code(Arrays_stepdefination.java:56)
at ✽.user should be able to enter the code(file:///Users/muvva/Desktop/new/DSAlgoproject1/src/test/resources/featurefile/arrays.feature:22)
]]>
            </full-stacktrace>
          </exception> <!-- java.lang.IndexOutOfBoundsException -->
          <reporter-output>
          </reporter-output>
        </test-method> <!-- runScenario -->
        <test-method signature="runScenario(io.cucumber.testng.PickleWrapper,io.cucumber.testng.FeatureWrapper)[pri:0, instance:DS.testrunner.Runner@4167d97b]" started-at="2024-04-22T18:01:28 CDT" name="runScenario" description="Runs Cucumber Scenarios" data-provider="scenarios" finished-at="2024-04-22T18:01:54 CDT" duration-ms="26437" status="PASS">
          <params>
            <param index="0">
              <value>
                <![CDATA["Data Structure Validation for Invalidadata"]]>
              </value>
            </param>
            <param index="1">
              <value>
                <![CDATA["Data Structure Intruduction"]]>
              </value>
            </param>
          </params>
          <reporter-output>
          </reporter-output>
        </test-method> <!-- runScenario -->
        <test-method signature="runScenario(io.cucumber.testng.PickleWrapper,io.cucumber.testng.FeatureWrapper)[pri:0, instance:DS.testrunner.Runner@4167d97b]" started-at="2024-04-22T18:01:54 CDT" name="runScenario" description="Runs Cucumber Scenarios" data-provider="scenarios" finished-at="2024-04-22T18:02:21 CDT" duration-ms="26705" status="PASS">
          <params>
            <param index="0">
              <value>
                <![CDATA["Data Structure Validation"]]>
              </value>
            </param>
            <param index="1">
              <value>
                <![CDATA["Data Structure Intruduction"]]>
              </value>
            </param>
          </params>
          <reporter-output>
          </reporter-output>
        </test-method> <!-- runScenario -->
        <test-method signature="runScenario(io.cucumber.testng.PickleWrapper,io.cucumber.testng.FeatureWrapper)[pri:0, instance:DS.testrunner.Runner@4167d97b]" started-at="2024-04-22T18:02:21 CDT" name="runScenario" description="Runs Cucumber Scenarios" data-provider="scenarios" finished-at="2024-04-22T18:02:48 CDT" duration-ms="27123" status="PASS">
          <params>
            <param index="0">
              <value>
                <![CDATA["Graph Valid Data"]]>
              </value>
            </param>
            <param index="1">
              <value>
                <![CDATA["Graph"]]>
              </value>
            </param>
          </params>
          <reporter-output>
          </reporter-output>
        </test-method> <!-- runScenario -->
        <test-method signature="runScenario(io.cucumber.testng.PickleWrapper,io.cucumber.testng.FeatureWrapper)[pri:0, instance:DS.testrunner.Runner@4167d97b]" started-at="2024-04-22T18:02:48 CDT" name="runScenario" description="Runs Cucumber Scenarios" data-provider="scenarios" finished-at="2024-04-22T18:03:13 CDT" duration-ms="24959" status="PASS">
          <params>
            <param index="0">
              <value>
                <![CDATA["Graph InValid Data"]]>
              </value>
            </param>
            <param index="1">
              <value>
                <![CDATA["Graph"]]>
              </value>
            </param>
          </params>
          <reporter-output>
          </reporter-output>
        </test-method> <!-- runScenario -->
        <test-method signature="runScenario(io.cucumber.testng.PickleWrapper,io.cucumber.testng.FeatureWrapper)[pri:0, instance:DS.testrunner.Runner@4167d97b]" started-at="2024-04-22T18:03:13 CDT" name="runScenario" description="Runs Cucumber Scenarios" data-provider="scenarios" finished-at="2024-04-22T18:03:21 CDT" duration-ms="7914" status="PASS">
          <params>
            <param index="0">
              <value>
                <![CDATA["Homepage Validation"]]>
              </value>
            </param>
            <param index="1">
              <value>
                <![CDATA["Homepage"]]>
              </value>
            </param>
          </params>
          <reporter-output>
          </reporter-output>
        </test-method> <!-- runScenario -->
        <test-method signature="runScenario(io.cucumber.testng.PickleWrapper,io.cucumber.testng.FeatureWrapper)[pri:0, instance:DS.testrunner.Runner@4167d97b]" started-at="2024-04-22T18:03:21 CDT" name="runScenario" description="Runs Cucumber Scenarios" data-provider="scenarios" finished-at="2024-04-22T18:03:57 CDT" duration-ms="36521" status="PASS">
          <params>
            <param index="0">
              <value>
                <![CDATA["LinkedList Valid Data"]]>
              </value>
            </param>
            <param index="1">
              <value>
                <![CDATA["LinkedList"]]>
              </value>
            </param>
          </params>
          <reporter-output>
          </reporter-output>
        </test-method> <!-- runScenario -->
        <test-method signature="runScenario(io.cucumber.testng.PickleWrapper,io.cucumber.testng.FeatureWrapper)[pri:0, instance:DS.testrunner.Runner@4167d97b]" started-at="2024-04-22T18:03:57 CDT" name="runScenario" description="Runs Cucumber Scenarios" data-provider="scenarios" finished-at="2024-04-22T18:04:23 CDT" duration-ms="25380" status="PASS">
          <params>
            <param index="0">
              <value>
                <![CDATA["LinkedList InValid Data"]]>
              </value>
            </param>
            <param index="1">
              <value>
                <![CDATA["LinkedList"]]>
              </value>
            </param>
          </params>
          <reporter-output>
          </reporter-output>
        </test-method> <!-- runScenario -->
        <test-method signature="runScenario(io.cucumber.testng.PickleWrapper,io.cucumber.testng.FeatureWrapper)[pri:0, instance:DS.testrunner.Runner@4167d97b]" started-at="2024-04-22T18:04:23 CDT" name="runScenario" description="Runs Cucumber Scenarios" data-provider="scenarios" finished-at="2024-04-22T18:04:33 CDT" duration-ms="10168" status="PASS">
          <params>
            <param index="0">
              <value>
                <![CDATA["Login Validation"]]>
              </value>
            </param>
            <param index="1">
              <value>
                <![CDATA["Login Page"]]>
              </value>
            </param>
          </params>
          <reporter-output>
          </reporter-output>
        </test-method> <!-- runScenario -->
        <test-method signature="runScenario(io.cucumber.testng.PickleWrapper,io.cucumber.testng.FeatureWrapper)[pri:0, instance:DS.testrunner.Runner@4167d97b]" started-at="2024-04-22T18:04:33 CDT" name="runScenario" description="Runs Cucumber Scenarios" data-provider="scenarios" finished-at="2024-04-22T18:04:42 CDT" duration-ms="9038" status="PASS">
          <params>
            <param index="0">
              <value>
                <![CDATA["Login Validation for Invalid Data"]]>
              </value>
            </param>
            <param index="1">
              <value>
                <![CDATA["Login Page"]]>
              </value>
            </param>
          </params>
          <reporter-output>
          </reporter-output>
        </test-method> <!-- runScenario -->
        <test-method signature="runScenario(io.cucumber.testng.PickleWrapper,io.cucumber.testng.FeatureWrapper)[pri:0, instance:DS.testrunner.Runner@4167d97b]" started-at="2024-04-22T18:04:42 CDT" name="runScenario" description="Runs Cucumber Scenarios" data-provider="scenarios" finished-at="2024-04-22T18:04:51 CDT" duration-ms="9051" status="PASS">
          <params>
            <param index="0">
              <value>
                <![CDATA["Login Validation for Invalid Data"]]>
              </value>
            </param>
            <param index="1">
              <value>
                <![CDATA["Login Page"]]>
              </value>
            </param>
          </params>
          <reporter-output>
          </reporter-output>
        </test-method> <!-- runScenario -->
        <test-method signature="runScenario(io.cucumber.testng.PickleWrapper,io.cucumber.testng.FeatureWrapper)[pri:0, instance:DS.testrunner.Runner@4167d97b]" started-at="2024-04-22T18:04:51 CDT" name="runScenario" description="Runs Cucumber Scenarios" data-provider="scenarios" finished-at="2024-04-22T18:05:00 CDT" duration-ms="9090" status="PASS">
          <params>
            <param index="0">
              <value>
                <![CDATA["Login Validation for Invalid Data"]]>
              </value>
            </param>
            <param index="1">
              <value>
                <![CDATA["Login Page"]]>
              </value>
            </param>
          </params>
          <reporter-output>
          </reporter-output>
        </test-method> <!-- runScenario -->
        <test-method signature="runScenario(io.cucumber.testng.PickleWrapper,io.cucumber.testng.FeatureWrapper)[pri:0, instance:DS.testrunner.Runner@4167d97b]" started-at="2024-04-22T18:05:00 CDT" name="runScenario" description="Runs Cucumber Scenarios" data-provider="scenarios" finished-at="2024-04-22T18:05:11 CDT" duration-ms="10558" status="FAIL">
          <params>
            <param index="0">
              <value>
                <![CDATA["Practice questions"]]>
              </value>
            </param>
            <param index="1">
              <value>
                <![CDATA["Arrays Practice questions"]]>
              </value>
            </param>
          </params>
          <exception class="java.lang.IndexOutOfBoundsException">
            <message>
              <![CDATA[Index 0 out of bounds for length 0]]>
            </message>
            <full-stacktrace>
              <![CDATA[java.lang.IndexOutOfBoundsException: Index 0 out of bounds for length 0
at java.base/jdk.internal.util.Preconditions.outOfBounds(Preconditions.java:64)
at java.base/jdk.internal.util.Preconditions.outOfBoundsCheckIndex(Preconditions.java:70)
at java.base/jdk.internal.util.Preconditions.checkIndex(Preconditions.java:266)
at java.base/java.util.Objects.checkIndex(Objects.java:361)
at java.base/java.util.ArrayList.get(ArrayList.java:427)
at DS.pages.Arrayspage.practiceQuestionListValidData(Arrayspage.java:97)
at DS.stepdefination.Arrays_stepdefination.user_should_be_able_to_enter_the_code(Arrays_stepdefination.java:56)
at ✽.user should be able to enter the code(file:///Users/muvva/Desktop/new/DSAlgoproject1/src/test/resources/featurefile/practiceQuestions.feature:8)
]]>
            </full-stacktrace>
          </exception> <!-- java.lang.IndexOutOfBoundsException -->
          <reporter-output>
          </reporter-output>
        </test-method> <!-- runScenario -->
        <test-method signature="runScenario(io.cucumber.testng.PickleWrapper,io.cucumber.testng.FeatureWrapper)[pri:0, instance:DS.testrunner.Runner@4167d97b]" started-at="2024-04-22T18:05:11 CDT" name="runScenario" description="Runs Cucumber Scenarios" data-provider="scenarios" finished-at="2024-04-22T18:05:22 CDT" duration-ms="11474" status="PASS">
          <params>
            <param index="0">
              <value>
                <![CDATA["open Registration page"]]>
              </value>
            </param>
            <param index="1">
              <value>
                <![CDATA["Registartion page"]]>
              </value>
            </param>
          </params>
          <reporter-output>
          </reporter-output>
        </test-method> <!-- runScenario -->
        <test-method signature="runScenario(io.cucumber.testng.PickleWrapper,io.cucumber.testng.FeatureWrapper)[pri:0, instance:DS.testrunner.Runner@4167d97b]" started-at="2024-04-22T18:05:22 CDT" name="runScenario" description="Runs Cucumber Scenarios" data-provider="scenarios" finished-at="2024-04-22T18:05:34 CDT" duration-ms="12066" status="PASS">
          <params>
            <param index="0">
              <value>
                <![CDATA["open Registration page for negative cases"]]>
              </value>
            </param>
            <param index="1">
              <value>
                <![CDATA["Registartion page"]]>
              </value>
            </param>
          </params>
          <reporter-output>
          </reporter-output>
        </test-method> <!-- runScenario -->
        <test-method signature="runScenario(io.cucumber.testng.PickleWrapper,io.cucumber.testng.FeatureWrapper)[pri:0, instance:DS.testrunner.Runner@4167d97b]" started-at="2024-04-22T18:05:34 CDT" name="runScenario" description="Runs Cucumber Scenarios" data-provider="scenarios" finished-at="2024-04-22T18:05:46 CDT" duration-ms="12032" status="PASS">
          <params>
            <param index="0">
              <value>
                <![CDATA["open Registration page for negative cases"]]>
              </value>
            </param>
            <param index="1">
              <value>
                <![CDATA["Registartion page"]]>
              </value>
            </param>
          </params>
          <reporter-output>
          </reporter-output>
        </test-method> <!-- runScenario -->
        <test-method signature="runScenario(io.cucumber.testng.PickleWrapper,io.cucumber.testng.FeatureWrapper)[pri:0, instance:DS.testrunner.Runner@4167d97b]" started-at="2024-04-22T18:05:46 CDT" name="runScenario" description="Runs Cucumber Scenarios" data-provider="scenarios" finished-at="2024-04-22T18:05:58 CDT" duration-ms="11783" status="PASS">
          <params>
            <param index="0">
              <value>
                <![CDATA["open Registration page for negative cases"]]>
              </value>
            </param>
            <param index="1">
              <value>
                <![CDATA["Registartion page"]]>
              </value>
            </param>
          </params>
          <reporter-output>
          </reporter-output>
        </test-method> <!-- runScenario -->
        <test-method signature="runScenario(io.cucumber.testng.PickleWrapper,io.cucumber.testng.FeatureWrapper)[pri:0, instance:DS.testrunner.Runner@4167d97b]" started-at="2024-04-22T18:05:58 CDT" name="runScenario" description="Runs Cucumber Scenarios" data-provider="scenarios" finished-at="2024-04-22T18:06:10 CDT" duration-ms="11584" status="PASS">
          <params>
            <param index="0">
              <value>
                <![CDATA["open Registration page for negative cases"]]>
              </value>
            </param>
            <param index="1">
              <value>
                <![CDATA["Registartion page"]]>
              </value>
            </param>
          </params>
          <reporter-output>
          </reporter-output>
        </test-method> <!-- runScenario -->
        <test-method signature="runScenario(io.cucumber.testng.PickleWrapper,io.cucumber.testng.FeatureWrapper)[pri:0, instance:DS.testrunner.Runner@4167d97b]" started-at="2024-04-22T18:06:10 CDT" name="runScenario" description="Runs Cucumber Scenarios" data-provider="scenarios" finished-at="2024-04-22T18:06:46 CDT" duration-ms="35980" status="PASS">
          <params>
            <param index="0">
              <value>
                <![CDATA["Tree Valid data"]]>
              </value>
            </param>
            <param index="1">
              <value>
                <![CDATA["Tree module"]]>
              </value>
            </param>
          </params>
          <reporter-output>
          </reporter-output>
        </test-method> <!-- runScenario -->
        <test-method signature="runScenario(io.cucumber.testng.PickleWrapper,io.cucumber.testng.FeatureWrapper)[pri:0, instance:DS.testrunner.Runner@4167d97b]" started-at="2024-04-22T18:06:46 CDT" name="runScenario" description="Runs Cucumber Scenarios" data-provider="scenarios" finished-at="2024-04-22T18:07:43 CDT" duration-ms="57089" status="PASS">
          <params>
            <param index="0">
              <value>
                <![CDATA["Tree Invalid data"]]>
              </value>
            </param>
            <param index="1">
              <value>
                <![CDATA["Tree module"]]>
              </value>
            </param>
          </params>
          <reporter-output>
          </reporter-output>
        </test-method> <!-- runScenario -->
        <test-method is-config="true" signature="tearDownClass()[pri:0, instance:DS.testrunner.Runner@4167d97b]" started-at="2024-04-22T18:07:43 CDT" name="tearDownClass" finished-at="2024-04-22T18:07:43 CDT" duration-ms="24" status="PASS">
          <reporter-output>
          </reporter-output>
        </test-method> <!-- tearDownClass -->
      </class> <!-- DS.testrunner.Runner -->
    </test> <!-- Default test -->
  </suite> <!-- Default suite -->
</testng-results>
